<?xml version="1.0" encoding="UTF-8"?>
<!-- Generated by org.testng.reporters.JUnitReportReporter -->
<testsuite hostname="DESKTOP-S8RV49O" failures="0" tests="1" name="smarttech.nyc.testng.TestngTest1" time="1.320" errors="0" timestamp="12 Apr 2021 01:11:36 GMT" skipped="0">
  <testcase classname="smarttech.nyc.testng.TestngTest1" name="logintest1" time="1.320"/>
</testsuite> <!-- smarttech.nyc.testng.TestngTest1 -->
