<?xml version="1.0" encoding="UTF-8"?>
<!-- Generated by org.testng.reporters.JUnitReportReporter -->
<testsuite hostname="DESKTOP-S8RV49O" failures="0" tests="1" name="ups.nj.myrunner.MyLoginRunner" time="23.935" errors="0" timestamp="05 Apr 2021 22:26:10 GMT" skipped="0">
  <testcase classname="ups.nj.myrunner.MyLoginRunner" name="feature" time="23.935"/>
</testsuite> <!-- ups.nj.myrunner.MyLoginRunner -->
