<?xml version="1.0" encoding="UTF-8"?>
<!-- Generated by org.testng.reporters.JUnitReportReporter -->
<testsuite hostname="DESKTOP-S8RV49O" failures="0" tests="6" name="smarttech.nyc.testng.TestngPriority" time="7.006" errors="0" timestamp="12 Apr 2021 01:11:36 GMT" skipped="0">
  <testcase classname="smarttech.nyc.testng.TestngPriority" name="logintest1" time="0.901"/>
  <testcase classname="smarttech.nyc.testng.TestngPriority" name="logintest1" time="1.341"/>
  <testcase classname="smarttech.nyc.testng.TestngPriority" name="logintest1" time="2.173"/>
  <testcase classname="smarttech.nyc.testng.TestngPriority" name="logintest4" time="1.094"/>
  <testcase classname="smarttech.nyc.testng.TestngPriority" name="logintest3" time="0.931"/>
  <testcase classname="smarttech.nyc.testng.TestngPriority" name="logintest2" time="0.566"/>
</testsuite> <!-- smarttech.nyc.testng.TestngPriority -->
