<?xml version="1.0" encoding="UTF-8"?>
<!-- Generated by org.testng.reporters.JUnitReportReporter -->
<testsuite hostname="DESKTOP-S8RV49O" failures="0" tests="1" name="com.testng.TestngOne" time="0.009" errors="0" timestamp="12 Apr 2021 15:38:55 GMT" skipped="0">
  <testcase classname="com.testng.TestngOne" name="testOne" time="0.009"/>
</testsuite> <!-- com.testng.TestngOne -->
