<?xml version="1.0" encoding="UTF-8"?>
<!-- Generated by org.testng.reporters.JUnitReportReporter -->
<testsuite hostname="DESKTOP-S8RV49O" failures="0" tests="2" name="smarttech.nyc.testng.TestNG" time="17.044" errors="0" timestamp="12 Apr 2021 01:11:36 GMT" skipped="0">
  <testcase classname="smarttech.nyc.testng.TestNG" name="testwebsite" time="8.377"/>
  <testcase classname="smarttech.nyc.testng.TestNG" name="testwebsite" time="8.667"/>
</testsuite> <!-- smarttech.nyc.testng.TestNG -->
