<?xml version="1.0" encoding="UTF-8"?>
<!-- Generated by org.testng.reporters.JUnitReportReporter -->
<testsuite hostname="DESKTOP-S8RV49O" failures="0" tests="1" name="ups.nj.runner.MyLoginRunner" time="9.609" errors="0" timestamp="22 Apr 2021 19:07:17 GMT" skipped="0">
  <testcase classname="ups.nj.runner.MyLoginRunner" name="feature" time="9.609"/>
</testsuite> <!-- ups.nj.runner.MyLoginRunner -->
