<?xml version="1.0" encoding="UTF-8"?>
<!-- Generated by org.testng.reporters.JUnitReportReporter -->
<testsuite hostname="DESKTOP-S8RV49O" failures="0" tests="1" name="com.readexcel.PassExcelData" time="8.056" errors="0" timestamp="14 Apr 2021 17:39:48 GMT" skipped="0">
  <testcase classname="com.readexcel.PassExcelData" name="LoginZoplaWebpage" time="8.056"/>
</testsuite> <!-- com.readexcel.PassExcelData -->
