<?xml version="1.0" encoding="UTF-8"?>
<!-- Generated by org.testng.reporters.JUnitReportReporter -->
<testsuite hostname="DESKTOP-S8RV49O" failures="0" tests="3" name="crossbrowser.test.CrossBrowser" time="11.972" errors="0" timestamp="17 Apr 2021 03:47:20 GMT" skipped="0">
  <testcase classname="crossbrowser.test.CrossBrowser" name="setUp" time="3.737"/>
  <testcase classname="crossbrowser.test.CrossBrowser" name="setUp" time="3.351"/>
  <testcase classname="crossbrowser.test.CrossBrowser" name="setUp" time="4.884"/>
</testsuite> <!-- crossbrowser.test.CrossBrowser -->
